2021-10-13 09:45:09.383  WARN 3264 --- [HikariPool-1 housekeeper] com.zaxxer.hikari.pool.HikariPool        : HikariPool-1 - Thread starvation or clock leap detected (housekeeper delta=13h8m13s690ms108µs100ns).
2021-10-13 10:48:58.282  INFO 3264 --- [SpringApplicationShutdownHook] j.LocalContainerEntityManagerFactoryBean : Closing JPA EntityManagerFactory for persistence unit 'default'
2021-10-13 10:48:58.310  INFO 3264 --- [SpringApplicationShutdownHook] com.zaxxer.hikari.HikariDataSource       : HikariPool-1 - Shutdown initiated...
2021-10-13 10:48:58.323  INFO 3264 --- [SpringApplicationShutdownHook] com.zaxxer.hikari.HikariDataSource       : HikariPool-1 - Shutdown completed.
2021-10-13 10:49:02.770  INFO 22308 --- [main] com.example.ozon.OzonApplication         : Starting OzonApplication using Java 11.0.12 on segortseva with PID 22308 (C:\Users\segortseva\IdeaProjects\ozon\target\classes started by segortseva in C:\Users\segortseva\IdeaProjects\ozon)
2021-10-13 10:49:02.772  INFO 22308 --- [main] com.example.ozon.OzonApplication         : No active profile set, falling back to default profiles: default
2021-10-13 10:49:03.640  INFO 22308 --- [main] .s.d.r.c.RepositoryConfigurationDelegate : Bootstrapping Spring Data JPA repositories in DEFAULT mode.
2021-10-13 10:49:03.702  INFO 22308 --- [main] .s.d.r.c.RepositoryConfigurationDelegate : Finished Spring Data repository scanning in 56 ms. Found 9 JPA repository interfaces.
2021-10-13 10:49:04.026  INFO 22308 --- [main] trationDelegate$BeanPostProcessorChecker : Bean 'org.springframework.ws.config.annotation.DelegatingWsConfiguration' of type [org.springframework.ws.config.annotation.DelegatingWsConfiguration$$EnhancerBySpringCGLIB$$79d0308b] is not eligible for getting processed by all BeanPostProcessors (for example: not eligible for auto-proxying)
2021-10-13 10:49:04.069  INFO 22308 --- [main] .w.s.a.s.AnnotationActionEndpointMapping : Supporting [WS-Addressing August 2004, WS-Addressing 1.0]
2021-10-13 10:49:04.159  INFO 22308 --- [main] trationDelegate$BeanPostProcessorChecker : Bean 'org.springframework.security.access.expression.method.DefaultMethodSecurityExpressionHandler@70f148dc' of type [org.springframework.security.access.expression.method.DefaultMethodSecurityExpressionHandler] is not eligible for getting processed by all BeanPostProcessors (for example: not eligible for auto-proxying)
2021-10-13 10:49:04.164  INFO 22308 --- [main] trationDelegate$BeanPostProcessorChecker : Bean 'methodSecurityMetadataSource' of type [org.springframework.security.access.method.DelegatingMethodSecurityMetadataSource] is not eligible for getting processed by all BeanPostProcessors (for example: not eligible for auto-proxying)
2021-10-13 10:49:04.419  INFO 22308 --- [main] o.s.b.w.embedded.tomcat.TomcatWebServer  : Tomcat initialized with port(s): 8080 (http)
2021-10-13 10:49:04.428  INFO 22308 --- [main] o.apache.catalina.core.StandardService   : Starting service [Tomcat]
2021-10-13 10:49:04.428  INFO 22308 --- [main] org.apache.catalina.core.StandardEngine  : Starting Servlet engine: [Apache Tomcat/9.0.52]
2021-10-13 10:49:04.527  INFO 22308 --- [main] o.a.c.c.C.[Tomcat].[localhost].[/]       : Initializing Spring embedded WebApplicationContext
2021-10-13 10:49:04.527  INFO 22308 --- [main] w.s.c.ServletWebServerApplicationContext : Root WebApplicationContext: initialization completed in 1700 ms
2021-10-13 10:49:04.714  INFO 22308 --- [main] com.zaxxer.hikari.HikariDataSource       : HikariPool-1 - Starting...
2021-10-13 10:49:04.776  INFO 22308 --- [main] com.zaxxer.hikari.HikariDataSource       : HikariPool-1 - Start completed.
2021-10-13 10:49:05.029  INFO 22308 --- [main] liquibase.lockservice                    : Successfully acquired change log lock
2021-10-13 10:49:05.385  INFO 22308 --- [main] liquibase.changelog                      : Reading from public.databasechangelog
2021-10-13 10:49:05.437  INFO 22308 --- [main] liquibase.lockservice                    : Successfully released change log lock
2021-10-13 10:49:05.445  INFO 22308 --- [main] liquibase.lockservice                    : Successfully acquired change log lock
2021-10-13 10:49:05.447  WARN 22308 --- [main] liquibase.hub                            : Skipping auto-registration
2021-10-13 10:49:05.456  INFO 22308 --- [main] liquibase.lockservice                    : Successfully released change log lock
2021-10-13 10:49:05.530  INFO 22308 --- [main] o.hibernate.jpa.internal.util.LogHelper  : HHH000204: Processing PersistenceUnitInfo [name: default]
2021-10-13 10:49:05.566  INFO 22308 --- [main] org.hibernate.Version                    : HHH000412: Hibernate ORM core version 5.4.32.Final
2021-10-13 10:49:05.666  INFO 22308 --- [main] o.hibernate.annotations.common.Version   : HCANN000001: Hibernate Commons Annotations {5.1.2.Final}
2021-10-13 10:49:05.735  INFO 22308 --- [main] org.hibernate.dialect.Dialect            : HHH000400: Using dialect: org.hibernate.dialect.PostgreSQLDialect
2021-10-13 10:49:06.416  INFO 22308 --- [main] o.h.e.t.j.p.i.JtaPlatformInitiator       : HHH000490: Using JtaPlatform implementation: [org.hibernate.engine.transaction.jta.platform.internal.NoJtaPlatform]
2021-10-13 10:49:06.422  INFO 22308 --- [main] j.LocalContainerEntityManagerFactoryBean : Initialized JPA EntityManagerFactory for persistence unit 'default'
2021-10-13 10:49:06.889  WARN 22308 --- [main] JpaBaseConfiguration$JpaWebConfiguration : spring.jpa.open-in-view is enabled by default. Therefore, database queries may be performed during view rendering. Explicitly configure spring.jpa.open-in-view to disable this warning
2021-10-13 10:49:07.816  INFO 22308 --- [main] o.s.s.web.DefaultSecurityFilterChain     : Will secure any request with [org.springframework.security.web.context.request.async.WebAsyncManagerIntegrationFilter@51535304, org.springframework.security.web.context.SecurityContextPersistenceFilter@4893d628, org.springframework.security.web.header.HeaderWriterFilter@6295cc30, org.springframework.security.web.authentication.logout.LogoutFilter@55aadbf2, org.springframework.security.web.authentication.UsernamePasswordAuthenticationFilter@2796716d, org.springframework.security.web.authentication.ui.DefaultLoginPageGeneratingFilter@171b82ea, org.springframework.security.web.authentication.ui.DefaultLogoutPageGeneratingFilter@74be992a, org.springframework.security.web.authentication.www.BasicAuthenticationFilter@605a10fd, org.springframework.security.web.savedrequest.RequestCacheAwareFilter@72548e3c, org.springframework.security.web.servletapi.SecurityContextHolderAwareRequestFilter@7845f53d, org.springframework.security.web.authentication.AnonymousAuthenticationFilter@346d441a, org.springframework.security.web.session.SessionManagementFilter@674687b3, org.springframework.security.web.access.ExceptionTranslationFilter@387cd426, org.springframework.security.web.access.intercept.FilterSecurityInterceptor@2b85fc]
2021-10-13 10:49:08.520  INFO 22308 --- [main] o.s.b.w.embedded.tomcat.TomcatWebServer  : Tomcat started on port(s): 8080 (http) with context path ''
2021-10-13 10:49:09.550  INFO 22308 --- [main] com.example.ozon.OzonApplication         : Started OzonApplication in 7.147 seconds (JVM running for 7.987)
2021-10-13 10:50:55.464  INFO 22308 --- [org.springframework.jms.JmsListenerEndpointContainer#0-1] com.example.ozon.queue.AmqReceiver       : Good{id=null, name='
  name
 ', description='
  good good
 ', user=null, shop=null, category=null, quantity=0, price=10, foto=null, goodStatus=null}
2021-10-13 10:51:39.454  INFO 22308 --- [org.springframework.jms.JmsListenerEndpointContainer#0-1] com.example.ozon.queue.AmqReceiver       : Good{id=null, name='
  q
 ', description='
  good good
 ', user=null, shop=null, category=null, quantity=9, price=19, foto=null, goodStatus=null}
2021-10-13 11:50:37.360  INFO 9852 --- [main] com.example.ozon.OzonApplication         : Starting OzonApplication using Java 11.0.12 on segortseva with PID 9852 (C:\Users\segortseva\IdeaProjects\ozon\target\classes started by segortseva in C:\Users\segortseva\IdeaProjects\ozon)
2021-10-13 11:50:37.363  INFO 9852 --- [main] com.example.ozon.OzonApplication         : No active profile set, falling back to default profiles: default
2021-10-13 11:50:38.315  INFO 9852 --- [main] .s.d.r.c.RepositoryConfigurationDelegate : Bootstrapping Spring Data JPA repositories in DEFAULT mode.
2021-10-13 11:50:38.379  INFO 9852 --- [main] .s.d.r.c.RepositoryConfigurationDelegate : Finished Spring Data repository scanning in 58 ms. Found 9 JPA repository interfaces.
2021-10-13 11:50:38.692  INFO 9852 --- [main] trationDelegate$BeanPostProcessorChecker : Bean 'org.springframework.ws.config.annotation.DelegatingWsConfiguration' of type [org.springframework.ws.config.annotation.DelegatingWsConfiguration$$EnhancerBySpringCGLIB$$f6ce1d42] is not eligible for getting processed by all BeanPostProcessors (for example: not eligible for auto-proxying)
2021-10-13 11:50:38.735  INFO 9852 --- [main] .w.s.a.s.AnnotationActionEndpointMapping : Supporting [WS-Addressing August 2004, WS-Addressing 1.0]
2021-10-13 11:50:38.821  INFO 9852 --- [main] trationDelegate$BeanPostProcessorChecker : Bean 'org.springframework.security.access.expression.method.DefaultMethodSecurityExpressionHandler@787178b1' of type [org.springframework.security.access.expression.method.DefaultMethodSecurityExpressionHandler] is not eligible for getting processed by all BeanPostProcessors (for example: not eligible for auto-proxying)
2021-10-13 11:50:38.825  INFO 9852 --- [main] trationDelegate$BeanPostProcessorChecker : Bean 'methodSecurityMetadataSource' of type [org.springframework.security.access.method.DelegatingMethodSecurityMetadataSource] is not eligible for getting processed by all BeanPostProcessors (for example: not eligible for auto-proxying)
2021-10-13 11:50:39.045  INFO 9852 --- [main] o.s.b.w.embedded.tomcat.TomcatWebServer  : Tomcat initialized with port(s): 8080 (http)
2021-10-13 11:50:39.054  INFO 9852 --- [main] o.apache.catalina.core.StandardService   : Starting service [Tomcat]
2021-10-13 11:50:39.054  INFO 9852 --- [main] org.apache.catalina.core.StandardEngine  : Starting Servlet engine: [Apache Tomcat/9.0.52]
2021-10-13 11:50:39.133  INFO 9852 --- [main] o.a.c.c.C.[Tomcat].[localhost].[/]       : Initializing Spring embedded WebApplicationContext
2021-10-13 11:50:39.133  INFO 9852 --- [main] w.s.c.ServletWebServerApplicationContext : Root WebApplicationContext: initialization completed in 1720 ms
2021-10-13 11:50:39.301  INFO 9852 --- [main] com.zaxxer.hikari.HikariDataSource       : HikariPool-1 - Starting...
2021-10-13 11:50:39.362  INFO 9852 --- [main] com.zaxxer.hikari.HikariDataSource       : HikariPool-1 - Start completed.
2021-10-13 11:50:39.606  INFO 9852 --- [main] liquibase.lockservice                    : Successfully acquired change log lock
2021-10-13 11:50:39.980  INFO 9852 --- [main] liquibase.changelog                      : Reading from public.databasechangelog
2021-10-13 11:50:40.035  INFO 9852 --- [main] liquibase.lockservice                    : Successfully released change log lock
2021-10-13 11:50:40.043  INFO 9852 --- [main] liquibase.lockservice                    : Successfully acquired change log lock
2021-10-13 11:50:40.045  WARN 9852 --- [main] liquibase.hub                            : Skipping auto-registration
2021-10-13 11:50:40.055  INFO 9852 --- [main] liquibase.lockservice                    : Successfully released change log lock
2021-10-13 11:50:40.135  INFO 9852 --- [main] o.hibernate.jpa.internal.util.LogHelper  : HHH000204: Processing PersistenceUnitInfo [name: default]
2021-10-13 11:50:40.176  INFO 9852 --- [main] org.hibernate.Version                    : HHH000412: Hibernate ORM core version 5.4.32.Final
2021-10-13 11:50:40.292  INFO 9852 --- [main] o.hibernate.annotations.common.Version   : HCANN000001: Hibernate Commons Annotations {5.1.2.Final}
2021-10-13 11:50:40.372  INFO 9852 --- [main] org.hibernate.dialect.Dialect            : HHH000400: Using dialect: org.hibernate.dialect.PostgreSQLDialect
2021-10-13 11:50:41.156  INFO 9852 --- [main] o.h.e.t.j.p.i.JtaPlatformInitiator       : HHH000490: Using JtaPlatform implementation: [org.hibernate.engine.transaction.jta.platform.internal.NoJtaPlatform]
2021-10-13 11:50:41.164  INFO 9852 --- [main] j.LocalContainerEntityManagerFactoryBean : Initialized JPA EntityManagerFactory for persistence unit 'default'
2021-10-13 11:50:41.639  WARN 9852 --- [main] JpaBaseConfiguration$JpaWebConfiguration : spring.jpa.open-in-view is enabled by default. Therefore, database queries may be performed during view rendering. Explicitly configure spring.jpa.open-in-view to disable this warning
2021-10-13 11:50:42.995  INFO 9852 --- [main] o.s.s.web.DefaultSecurityFilterChain     : Will secure any request with [org.springframework.security.web.context.request.async.WebAsyncManagerIntegrationFilter@54cb2cee, org.springframework.security.web.context.SecurityContextPersistenceFilter@171b82ea, org.springframework.security.web.header.HeaderWriterFilter@133e7789, org.springframework.security.web.authentication.logout.LogoutFilter@7d1f60cf, org.springframework.security.web.authentication.UsernamePasswordAuthenticationFilter@346d441a, org.springframework.security.web.authentication.ui.DefaultLoginPageGeneratingFilter@518e9141, org.springframework.security.web.authentication.ui.DefaultLogoutPageGeneratingFilter@12ef8410, org.springframework.security.web.authentication.www.BasicAuthenticationFilter@5ceeab0c, org.springframework.security.web.savedrequest.RequestCacheAwareFilter@4104b585, org.springframework.security.web.servletapi.SecurityContextHolderAwareRequestFilter@6809a461, org.springframework.security.web.authentication.AnonymousAuthenticationFilter@731819a0, org.springframework.security.web.session.SessionManagementFilter@4a6c3720, org.springframework.security.web.access.ExceptionTranslationFilter@72548e3c, org.springframework.security.web.access.intercept.FilterSecurityInterceptor@2bcf856f]
2021-10-13 11:50:43.970  INFO 9852 --- [main] o.s.b.w.embedded.tomcat.TomcatWebServer  : Tomcat started on port(s): 8080 (http) with context path ''
2021-10-13 11:50:44.964  INFO 9852 --- [main] com.example.ozon.OzonApplication         : Started OzonApplication in 7.972 seconds (JVM running for 8.851)
2021-10-13 12:36:37.084  INFO 11304 --- [main] com.example.ozon.OzonApplication         : Starting OzonApplication using Java 11.0.12 on segortseva with PID 11304 (C:\Users\segortseva\IdeaProjects\ozon\target\classes started by segortseva in C:\Users\segortseva\IdeaProjects\ozon)
2021-10-13 12:36:37.088  INFO 11304 --- [main] com.example.ozon.OzonApplication         : No active profile set, falling back to default profiles: default
2021-10-13 12:36:38.355  INFO 11304 --- [main] .s.d.r.c.RepositoryConfigurationDelegate : Bootstrapping Spring Data JPA repositories in DEFAULT mode.
2021-10-13 12:36:38.438  INFO 11304 --- [main] .s.d.r.c.RepositoryConfigurationDelegate : Finished Spring Data repository scanning in 77 ms. Found 9 JPA repository interfaces.
2021-10-13 12:36:38.989  INFO 11304 --- [main] trationDelegate$BeanPostProcessorChecker : Bean 'org.springframework.ws.config.annotation.DelegatingWsConfiguration' of type [org.springframework.ws.config.annotation.DelegatingWsConfiguration$$EnhancerBySpringCGLIB$$1499918c] is not eligible for getting processed by all BeanPostProcessors (for example: not eligible for auto-proxying)
2021-10-13 12:36:39.056  INFO 11304 --- [main] .w.s.a.s.AnnotationActionEndpointMapping : Supporting [WS-Addressing August 2004, WS-Addressing 1.0]
2021-10-13 12:36:39.206  INFO 11304 --- [main] trationDelegate$BeanPostProcessorChecker : Bean 'org.springframework.security.access.expression.method.DefaultMethodSecurityExpressionHandler@256589a1' of type [org.springframework.security.access.expression.method.DefaultMethodSecurityExpressionHandler] is not eligible for getting processed by all BeanPostProcessors (for example: not eligible for auto-proxying)
2021-10-13 12:36:39.213  INFO 11304 --- [main] trationDelegate$BeanPostProcessorChecker : Bean 'methodSecurityMetadataSource' of type [org.springframework.security.access.method.DelegatingMethodSecurityMetadataSource] is not eligible for getting processed by all BeanPostProcessors (for example: not eligible for auto-proxying)
2021-10-13 12:36:39.835  INFO 11304 --- [main] o.s.b.w.embedded.tomcat.TomcatWebServer  : Tomcat initialized with port(s): 8080 (http)
2021-10-13 12:36:39.849  INFO 11304 --- [main] o.apache.catalina.core.StandardService   : Starting service [Tomcat]
2021-10-13 12:36:39.849  INFO 11304 --- [main] org.apache.catalina.core.StandardEngine  : Starting Servlet engine: [Apache Tomcat/9.0.52]
2021-10-13 12:36:39.968  INFO 11304 --- [main] o.a.c.c.C.[Tomcat].[localhost].[/]       : Initializing Spring embedded WebApplicationContext
2021-10-13 12:36:39.968  INFO 11304 --- [main] w.s.c.ServletWebServerApplicationContext : Root WebApplicationContext: initialization completed in 2805 ms
2021-10-13 12:36:40.230  INFO 11304 --- [main] com.zaxxer.hikari.HikariDataSource       : HikariPool-1 - Starting...
2021-10-13 12:36:40.342  INFO 11304 --- [main] com.zaxxer.hikari.HikariDataSource       : HikariPool-1 - Start completed.
2021-10-13 12:36:40.797  INFO 11304 --- [main] liquibase.lockservice                    : Successfully acquired change log lock
2021-10-13 12:36:41.367  INFO 11304 --- [main] liquibase.changelog                      : Reading from public.databasechangelog
2021-10-13 12:36:41.499  INFO 11304 --- [main] liquibase.lockservice                    : Successfully released change log lock
2021-10-13 12:36:41.510  INFO 11304 --- [main] liquibase.lockservice                    : Successfully acquired change log lock
2021-10-13 12:36:41.513  WARN 11304 --- [main] liquibase.hub                            : Skipping auto-registration
2021-10-13 12:36:41.532  INFO 11304 --- [main] liquibase.lockservice                    : Successfully released change log lock
2021-10-13 12:36:41.648  INFO 11304 --- [main] o.hibernate.jpa.internal.util.LogHelper  : HHH000204: Processing PersistenceUnitInfo [name: default]
2021-10-13 12:36:41.706  INFO 11304 --- [main] org.hibernate.Version                    : HHH000412: Hibernate ORM core version 5.4.32.Final
2021-10-13 12:36:41.844  INFO 11304 --- [main] o.hibernate.annotations.common.Version   : HCANN000001: Hibernate Commons Annotations {5.1.2.Final}
2021-10-13 12:36:41.955  INFO 11304 --- [main] org.hibernate.dialect.Dialect            : HHH000400: Using dialect: org.hibernate.dialect.PostgreSQLDialect
2021-10-13 12:36:42.864  INFO 11304 --- [main] o.h.e.t.j.p.i.JtaPlatformInitiator       : HHH000490: Using JtaPlatform implementation: [org.hibernate.engine.transaction.jta.platform.internal.NoJtaPlatform]
2021-10-13 12:36:42.873  INFO 11304 --- [main] j.LocalContainerEntityManagerFactoryBean : Initialized JPA EntityManagerFactory for persistence unit 'default'
2021-10-13 12:36:43.535  WARN 11304 --- [main] JpaBaseConfiguration$JpaWebConfiguration : spring.jpa.open-in-view is enabled by default. Therefore, database queries may be performed during view rendering. Explicitly configure spring.jpa.open-in-view to disable this warning
2021-10-13 12:36:45.189  INFO 11304 --- [main] o.s.s.web.DefaultSecurityFilterChain     : Will secure any request with [org.springframework.security.web.context.request.async.WebAsyncManagerIntegrationFilter@627d29cc, org.springframework.security.web.context.SecurityContextPersistenceFilter@6a17ab87, org.springframework.security.web.header.HeaderWriterFilter@74c997b1, org.springframework.security.web.authentication.logout.LogoutFilter@5bb0122, org.springframework.security.web.authentication.UsernamePasswordAuthenticationFilter@25d73ca6, org.springframework.security.web.authentication.ui.DefaultLoginPageGeneratingFilter@1467dcd0, org.springframework.security.web.authentication.ui.DefaultLogoutPageGeneratingFilter@23f4aaeb, org.springframework.security.web.authentication.www.BasicAuthenticationFilter@2693b289, org.springframework.security.web.savedrequest.RequestCacheAwareFilter@2d7bfb13, org.springframework.security.web.servletapi.SecurityContextHolderAwareRequestFilter@59be715a, org.springframework.security.web.authentication.AnonymousAuthenticationFilter@6f914212, org.springframework.security.web.session.SessionManagementFilter@358b70c4, org.springframework.security.web.access.ExceptionTranslationFilter@484f7fad, org.springframework.security.web.access.intercept.FilterSecurityInterceptor@5f3705e7]
2021-10-13 12:36:46.212  WARN 11304 --- [main] ConfigServletWebServerApplicationContext : Exception encountered during context initialization - cancelling refresh attempt: org.springframework.context.ApplicationContextException: Failed to start bean 'webServerStartStop'; nested exception is org.springframework.boot.web.server.PortInUseException: Port 8080 is already in use
2021-10-13 12:36:46.230  INFO 11304 --- [main] j.LocalContainerEntityManagerFactoryBean : Closing JPA EntityManagerFactory for persistence unit 'default'
2021-10-13 12:36:46.233  INFO 11304 --- [main] com.zaxxer.hikari.HikariDataSource       : HikariPool-1 - Shutdown initiated...
2021-10-13 12:36:46.243  INFO 11304 --- [main] com.zaxxer.hikari.HikariDataSource       : HikariPool-1 - Shutdown completed.
2021-10-13 12:36:46.247  INFO 11304 --- [main] o.apache.catalina.core.StandardService   : Stopping service [Tomcat]
2021-10-13 12:36:46.257  INFO 11304 --- [main] ConditionEvaluationReportLoggingListener : 

Error starting ApplicationContext. To display the conditions report re-run your application with 'debug' enabled.
2021-10-13 12:36:46.272 ERROR 11304 --- [main] o.s.b.d.LoggingFailureAnalysisReporter   : 

***************************
APPLICATION FAILED TO START
***************************

Description:

Web server failed to start. Port 8080 was already in use.

Action:

Identify and stop the process that's listening on port 8080 or configure this application to listen on another port.

2021-10-13 12:36:55.418  INFO 11376 --- [main] com.example.ozon.OzonApplication         : Starting OzonApplication using Java 11.0.12 on segortseva with PID 11376 (C:\Users\segortseva\IdeaProjects\ozon\target\classes started by segortseva in C:\Users\segortseva\IdeaProjects\ozon)
2021-10-13 12:36:55.422  INFO 11376 --- [main] com.example.ozon.OzonApplication         : No active profile set, falling back to default profiles: default
2021-10-13 12:36:56.734  INFO 11376 --- [main] .s.d.r.c.RepositoryConfigurationDelegate : Bootstrapping Spring Data JPA repositories in DEFAULT mode.
2021-10-13 12:36:56.822  INFO 11376 --- [main] .s.d.r.c.RepositoryConfigurationDelegate : Finished Spring Data repository scanning in 81 ms. Found 9 JPA repository interfaces.
2021-10-13 12:36:57.347  INFO 11376 --- [main] trationDelegate$BeanPostProcessorChecker : Bean 'org.springframework.ws.config.annotation.DelegatingWsConfiguration' of type [org.springframework.ws.config.annotation.DelegatingWsConfiguration$$EnhancerBySpringCGLIB$$1499918c] is not eligible for getting processed by all BeanPostProcessors (for example: not eligible for auto-proxying)
2021-10-13 12:36:57.396  INFO 11376 --- [main] .w.s.a.s.AnnotationActionEndpointMapping : Supporting [WS-Addressing August 2004, WS-Addressing 1.0]
2021-10-13 12:36:57.533  INFO 11376 --- [main] trationDelegate$BeanPostProcessorChecker : Bean 'org.springframework.security.access.expression.method.DefaultMethodSecurityExpressionHandler@87f501f' of type [org.springframework.security.access.expression.method.DefaultMethodSecurityExpressionHandler] is not eligible for getting processed by all BeanPostProcessors (for example: not eligible for auto-proxying)
2021-10-13 12:36:57.539  INFO 11376 --- [main] trationDelegate$BeanPostProcessorChecker : Bean 'methodSecurityMetadataSource' of type [org.springframework.security.access.method.DelegatingMethodSecurityMetadataSource] is not eligible for getting processed by all BeanPostProcessors (for example: not eligible for auto-proxying)
2021-10-13 12:36:58.115  INFO 11376 --- [main] o.s.b.w.embedded.tomcat.TomcatWebServer  : Tomcat initialized with port(s): 8080 (http)
2021-10-13 12:36:58.126  INFO 11376 --- [main] o.apache.catalina.core.StandardService   : Starting service [Tomcat]
2021-10-13 12:36:58.127  INFO 11376 --- [main] org.apache.catalina.core.StandardEngine  : Starting Servlet engine: [Apache Tomcat/9.0.52]
2021-10-13 12:36:58.265  INFO 11376 --- [main] o.a.c.c.C.[Tomcat].[localhost].[/]       : Initializing Spring embedded WebApplicationContext
2021-10-13 12:36:58.266  INFO 11376 --- [main] w.s.c.ServletWebServerApplicationContext : Root WebApplicationContext: initialization completed in 2771 ms
2021-10-13 12:36:58.543  INFO 11376 --- [main] com.zaxxer.hikari.HikariDataSource       : HikariPool-1 - Starting...
2021-10-13 12:36:58.643  INFO 11376 --- [main] com.zaxxer.hikari.HikariDataSource       : HikariPool-1 - Start completed.
2021-10-13 12:36:59.044  INFO 11376 --- [main] liquibase.lockservice                    : Successfully acquired change log lock
2021-10-13 12:36:59.557  INFO 11376 --- [main] liquibase.changelog                      : Reading from public.databasechangelog
2021-10-13 12:36:59.662  INFO 11376 --- [main] liquibase.lockservice                    : Successfully released change log lock
2021-10-13 12:36:59.672  INFO 11376 --- [main] liquibase.lockservice                    : Successfully acquired change log lock
2021-10-13 12:36:59.674  WARN 11376 --- [main] liquibase.hub                            : Skipping auto-registration
2021-10-13 12:36:59.685  INFO 11376 --- [main] liquibase.lockservice                    : Successfully released change log lock
2021-10-13 12:36:59.796  INFO 11376 --- [main] o.hibernate.jpa.internal.util.LogHelper  : HHH000204: Processing PersistenceUnitInfo [name: default]
2021-10-13 12:36:59.846  INFO 11376 --- [main] org.hibernate.Version                    : HHH000412: Hibernate ORM core version 5.4.32.Final
2021-10-13 12:36:59.966  INFO 11376 --- [main] o.hibernate.annotations.common.Version   : HCANN000001: Hibernate Commons Annotations {5.1.2.Final}
2021-10-13 12:37:00.070  INFO 11376 --- [main] org.hibernate.dialect.Dialect            : HHH000400: Using dialect: org.hibernate.dialect.PostgreSQLDialect
2021-10-13 12:37:00.997  INFO 11376 --- [main] o.h.e.t.j.p.i.JtaPlatformInitiator       : HHH000490: Using JtaPlatform implementation: [org.hibernate.engine.transaction.jta.platform.internal.NoJtaPlatform]
2021-10-13 12:37:01.004  INFO 11376 --- [main] j.LocalContainerEntityManagerFactoryBean : Initialized JPA EntityManagerFactory for persistence unit 'default'
2021-10-13 12:37:01.694  WARN 11376 --- [main] JpaBaseConfiguration$JpaWebConfiguration : spring.jpa.open-in-view is enabled by default. Therefore, database queries may be performed during view rendering. Explicitly configure spring.jpa.open-in-view to disable this warning
2021-10-13 12:37:03.133  INFO 11376 --- [main] o.s.s.web.DefaultSecurityFilterChain     : Will secure any request with [org.springframework.security.web.context.request.async.WebAsyncManagerIntegrationFilter@4d162d67, org.springframework.security.web.context.SecurityContextPersistenceFilter@1ea6446b, org.springframework.security.web.header.HeaderWriterFilter@6654e105, org.springframework.security.web.authentication.logout.LogoutFilter@482652f7, org.springframework.security.web.authentication.UsernamePasswordAuthenticationFilter@23f4aaeb, org.springframework.security.web.authentication.ui.DefaultLoginPageGeneratingFilter@307cf289, org.springframework.security.web.authentication.ui.DefaultLogoutPageGeneratingFilter@757501da, org.springframework.security.web.authentication.www.BasicAuthenticationFilter@232e4e1d, org.springframework.security.web.savedrequest.RequestCacheAwareFilter@6a8a54f5, org.springframework.security.web.servletapi.SecurityContextHolderAwareRequestFilter@237e61ac, org.springframework.security.web.authentication.AnonymousAuthenticationFilter@2b1aa390, org.springframework.security.web.session.SessionManagementFilter@29c471f6, org.springframework.security.web.access.ExceptionTranslationFilter@7ae736a8, org.springframework.security.web.access.intercept.FilterSecurityInterceptor@672c6b93]
2021-10-13 12:37:04.095  WARN 11376 --- [main] ConfigServletWebServerApplicationContext : Exception encountered during context initialization - cancelling refresh attempt: org.springframework.context.ApplicationContextException: Failed to start bean 'webServerStartStop'; nested exception is org.springframework.boot.web.server.PortInUseException: Port 8080 is already in use
2021-10-13 12:37:04.124  INFO 11376 --- [main] j.LocalContainerEntityManagerFactoryBean : Closing JPA EntityManagerFactory for persistence unit 'default'
2021-10-13 12:37:04.126  INFO 11376 --- [main] com.zaxxer.hikari.HikariDataSource       : HikariPool-1 - Shutdown initiated...
2021-10-13 12:37:04.137  INFO 11376 --- [main] com.zaxxer.hikari.HikariDataSource       : HikariPool-1 - Shutdown completed.
2021-10-13 12:37:04.143  INFO 11376 --- [main] o.apache.catalina.core.StandardService   : Stopping service [Tomcat]
2021-10-13 12:37:04.156  INFO 11376 --- [main] ConditionEvaluationReportLoggingListener : 

Error starting ApplicationContext. To display the conditions report re-run your application with 'debug' enabled.
2021-10-13 12:37:04.170 ERROR 11376 --- [main] o.s.b.d.LoggingFailureAnalysisReporter   : 

***************************
APPLICATION FAILED TO START
***************************

Description:

Web server failed to start. Port 8080 was already in use.

Action:

Identify and stop the process that's listening on port 8080 or configure this application to listen on another port.

2021-10-13 12:37:36.590  INFO 9852 --- [http-nio-8080-exec-1] o.a.c.c.C.[Tomcat].[localhost].[/]       : Initializing Spring DispatcherServlet 'dispatcherServlet'
2021-10-13 12:37:36.594  INFO 9852 --- [http-nio-8080-exec-1] o.s.web.servlet.DispatcherServlet        : Initializing Servlet 'dispatcherServlet'
2021-10-13 12:37:36.614  INFO 9852 --- [http-nio-8080-exec-1] o.s.web.servlet.DispatcherServlet        : Completed initialization in 19 ms
2021-10-13 12:37:36.816  WARN 9852 --- [http-nio-8080-exec-1] o.a.c.util.SessionIdGeneratorBase        : Creation of SecureRandom instance for session ID generation using [SHA1PRNG] took [157] milliseconds.
2021-10-13 12:37:42.455  INFO 9852 --- [http-nio-8080-exec-5] com.example.ozon.aspect.LoggingAspect    : Execution of loadUserByUsername took 119 ms
2021-10-13 12:38:12.464  INFO 8812 --- [main] com.example.ozon.OzonApplication         : Starting OzonApplication using Java 11.0.12 on segortseva with PID 8812 (C:\Users\segortseva\IdeaProjects\ozon\target\classes started by segortseva in C:\Users\segortseva\IdeaProjects\ozon)
2021-10-13 12:38:12.468  INFO 8812 --- [main] com.example.ozon.OzonApplication         : No active profile set, falling back to default profiles: default
2021-10-13 12:38:13.247  INFO 8812 --- [main] .s.d.r.c.RepositoryConfigurationDelegate : Bootstrapping Spring Data JPA repositories in DEFAULT mode.
2021-10-13 12:38:13.326  INFO 8812 --- [main] .s.d.r.c.RepositoryConfigurationDelegate : Finished Spring Data repository scanning in 73 ms. Found 9 JPA repository interfaces.
2021-10-13 12:38:13.616  INFO 8812 --- [main] trationDelegate$BeanPostProcessorChecker : Bean 'org.springframework.ws.config.annotation.DelegatingWsConfiguration' of type [org.springframework.ws.config.annotation.DelegatingWsConfiguration$$EnhancerBySpringCGLIB$$e1334662] is not eligible for getting processed by all BeanPostProcessors (for example: not eligible for auto-proxying)
2021-10-13 12:38:13.647  INFO 8812 --- [main] .w.s.a.s.AnnotationActionEndpointMapping : Supporting [WS-Addressing August 2004, WS-Addressing 1.0]
2021-10-13 12:38:13.730  INFO 8812 --- [main] trationDelegate$BeanPostProcessorChecker : Bean 'org.springframework.security.access.expression.method.DefaultMethodSecurityExpressionHandler@4899799b' of type [org.springframework.security.access.expression.method.DefaultMethodSecurityExpressionHandler] is not eligible for getting processed by all BeanPostProcessors (for example: not eligible for auto-proxying)
2021-10-13 12:38:13.734  INFO 8812 --- [main] trationDelegate$BeanPostProcessorChecker : Bean 'methodSecurityMetadataSource' of type [org.springframework.security.access.method.DelegatingMethodSecurityMetadataSource] is not eligible for getting processed by all BeanPostProcessors (for example: not eligible for auto-proxying)
2021-10-13 12:38:13.941  INFO 8812 --- [main] o.s.b.w.embedded.tomcat.TomcatWebServer  : Tomcat initialized with port(s): 8080 (http)
2021-10-13 12:38:13.947  INFO 8812 --- [main] o.apache.catalina.core.StandardService   : Starting service [Tomcat]
2021-10-13 12:38:13.948  INFO 8812 --- [main] org.apache.catalina.core.StandardEngine  : Starting Servlet engine: [Apache Tomcat/9.0.52]
2021-10-13 12:38:14.034  INFO 8812 --- [main] o.a.c.c.C.[Tomcat].[localhost].[/]       : Initializing Spring embedded WebApplicationContext
2021-10-13 12:38:14.034  INFO 8812 --- [main] w.s.c.ServletWebServerApplicationContext : Root WebApplicationContext: initialization completed in 1517 ms
2021-10-13 12:38:14.193  INFO 8812 --- [main] com.zaxxer.hikari.HikariDataSource       : HikariPool-1 - Starting...
2021-10-13 12:38:14.252  INFO 8812 --- [main] com.zaxxer.hikari.HikariDataSource       : HikariPool-1 - Start completed.
2021-10-13 12:38:14.471  INFO 8812 --- [main] liquibase.lockservice                    : Successfully acquired change log lock
2021-10-13 12:38:14.844  INFO 8812 --- [main] liquibase.changelog                      : Reading from public.databasechangelog
2021-10-13 12:38:14.901  INFO 8812 --- [main] liquibase.lockservice                    : Successfully released change log lock
2021-10-13 12:38:14.911  INFO 8812 --- [main] liquibase.lockservice                    : Successfully acquired change log lock
2021-10-13 12:38:14.913  WARN 8812 --- [main] liquibase.hub                            : Skipping auto-registration
2021-10-13 12:38:14.921  INFO 8812 --- [main] liquibase.lockservice                    : Successfully released change log lock
2021-10-13 12:38:14.989  INFO 8812 --- [main] o.hibernate.jpa.internal.util.LogHelper  : HHH000204: Processing PersistenceUnitInfo [name: default]
2021-10-13 12:38:15.015  INFO 8812 --- [main] org.hibernate.Version                    : HHH000412: Hibernate ORM core version 5.4.32.Final
2021-10-13 12:38:15.079  INFO 8812 --- [main] o.hibernate.annotations.common.Version   : HCANN000001: Hibernate Commons Annotations {5.1.2.Final}
2021-10-13 12:38:15.162  INFO 8812 --- [main] org.hibernate.dialect.Dialect            : HHH000400: Using dialect: org.hibernate.dialect.PostgreSQLDialect
2021-10-13 12:38:15.777  INFO 8812 --- [main] o.h.e.t.j.p.i.JtaPlatformInitiator       : HHH000490: Using JtaPlatform implementation: [org.hibernate.engine.transaction.jta.platform.internal.NoJtaPlatform]
2021-10-13 12:38:15.783  INFO 8812 --- [main] j.LocalContainerEntityManagerFactoryBean : Initialized JPA EntityManagerFactory for persistence unit 'default'
2021-10-13 12:38:16.198  WARN 8812 --- [main] JpaBaseConfiguration$JpaWebConfiguration : spring.jpa.open-in-view is enabled by default. Therefore, database queries may be performed during view rendering. Explicitly configure spring.jpa.open-in-view to disable this warning
2021-10-13 12:38:17.199  INFO 8812 --- [main] o.s.s.web.DefaultSecurityFilterChain     : Will secure any request with [org.springframework.security.web.context.request.async.WebAsyncManagerIntegrationFilter@546f0f36, org.springframework.security.web.context.SecurityContextPersistenceFilter@6f96d39f, org.springframework.security.web.header.HeaderWriterFilter@320bfc61, org.springframework.security.web.authentication.logout.LogoutFilter@4a48fe63, org.springframework.security.web.authentication.UsernamePasswordAuthenticationFilter@4f8186a5, org.springframework.security.web.authentication.ui.DefaultLoginPageGeneratingFilter@5aeaee3, org.springframework.security.web.authentication.ui.DefaultLogoutPageGeneratingFilter@44d5a0a8, org.springframework.security.web.authentication.www.BasicAuthenticationFilter@522db06e, org.springframework.security.web.savedrequest.RequestCacheAwareFilter@4c5d934b, org.springframework.security.web.servletapi.SecurityContextHolderAwareRequestFilter@41f05f1, org.springframework.security.web.authentication.AnonymousAuthenticationFilter@35d128fd, org.springframework.security.web.session.SessionManagementFilter@66227940, org.springframework.security.web.access.ExceptionTranslationFilter@31c87223, org.springframework.security.web.access.intercept.FilterSecurityInterceptor@626967a0]
2021-10-13 12:38:17.950  INFO 8812 --- [main] o.s.b.w.embedded.tomcat.TomcatWebServer  : Tomcat started on port(s): 8080 (http) with context path ''
2021-10-13 12:38:18.955  INFO 8812 --- [main] com.example.ozon.OzonApplication         : Started OzonApplication in 6.92 seconds (JVM running for 7.826)
2021-10-13 12:38:50.634  INFO 6008 --- [main] com.example.ozon.OzonApplication         : Starting OzonApplication using Java 11.0.12 on segortseva with PID 6008 (C:\Users\segortseva\IdeaProjects\ozon\target\classes started by segortseva in C:\Users\segortseva\IdeaProjects\ozon)
2021-10-13 12:38:50.636  INFO 6008 --- [main] com.example.ozon.OzonApplication         : No active profile set, falling back to default profiles: default
2021-10-13 12:38:51.419  INFO 6008 --- [main] .s.d.r.c.RepositoryConfigurationDelegate : Bootstrapping Spring Data JPA repositories in DEFAULT mode.
2021-10-13 12:38:51.477  INFO 6008 --- [main] .s.d.r.c.RepositoryConfigurationDelegate : Finished Spring Data repository scanning in 52 ms. Found 9 JPA repository interfaces.
2021-10-13 12:38:51.753  INFO 6008 --- [main] trationDelegate$BeanPostProcessorChecker : Bean 'org.springframework.ws.config.annotation.DelegatingWsConfiguration' of type [org.springframework.ws.config.annotation.DelegatingWsConfiguration$$EnhancerBySpringCGLIB$$52be13a1] is not eligible for getting processed by all BeanPostProcessors (for example: not eligible for auto-proxying)
2021-10-13 12:38:51.775  INFO 6008 --- [main] .w.s.a.s.AnnotationActionEndpointMapping : Supporting [WS-Addressing August 2004, WS-Addressing 1.0]
2021-10-13 12:38:51.856  INFO 6008 --- [main] trationDelegate$BeanPostProcessorChecker : Bean 'org.springframework.security.access.expression.method.DefaultMethodSecurityExpressionHandler@42107318' of type [org.springframework.security.access.expression.method.DefaultMethodSecurityExpressionHandler] is not eligible for getting processed by all BeanPostProcessors (for example: not eligible for auto-proxying)
2021-10-13 12:38:51.860  INFO 6008 --- [main] trationDelegate$BeanPostProcessorChecker : Bean 'methodSecurityMetadataSource' of type [org.springframework.security.access.method.DelegatingMethodSecurityMetadataSource] is not eligible for getting processed by all BeanPostProcessors (for example: not eligible for auto-proxying)
2021-10-13 12:38:52.057  INFO 6008 --- [main] o.s.b.w.embedded.tomcat.TomcatWebServer  : Tomcat initialized with port(s): 8080 (http)
2021-10-13 12:38:52.064  INFO 6008 --- [main] o.apache.catalina.core.StandardService   : Starting service [Tomcat]
2021-10-13 12:38:52.064  INFO 6008 --- [main] org.apache.catalina.core.StandardEngine  : Starting Servlet engine: [Apache Tomcat/9.0.52]
2021-10-13 12:38:52.145  INFO 6008 --- [main] o.a.c.c.C.[Tomcat].[localhost].[/]       : Initializing Spring embedded WebApplicationContext
2021-10-13 12:38:52.145  INFO 6008 --- [main] w.s.c.ServletWebServerApplicationContext : Root WebApplicationContext: initialization completed in 1467 ms
2021-10-13 12:38:52.285  INFO 6008 --- [main] com.zaxxer.hikari.HikariDataSource       : HikariPool-1 - Starting...
2021-10-13 12:38:52.344  INFO 6008 --- [main] com.zaxxer.hikari.HikariDataSource       : HikariPool-1 - Start completed.
2021-10-13 12:38:52.551  INFO 6008 --- [main] liquibase.lockservice                    : Successfully acquired change log lock
2021-10-13 12:38:52.882  INFO 6008 --- [main] liquibase.changelog                      : Reading from public.databasechangelog
2021-10-13 12:38:52.937  INFO 6008 --- [main] liquibase.lockservice                    : Successfully released change log lock
2021-10-13 12:38:52.944  INFO 6008 --- [main] liquibase.lockservice                    : Successfully acquired change log lock
2021-10-13 12:38:52.945  WARN 6008 --- [main] liquibase.hub                            : Skipping auto-registration
2021-10-13 12:38:52.954  INFO 6008 --- [main] liquibase.lockservice                    : Successfully released change log lock
2021-10-13 12:38:53.024  INFO 6008 --- [main] o.hibernate.jpa.internal.util.LogHelper  : HHH000204: Processing PersistenceUnitInfo [name: default]
2021-10-13 12:38:53.056  INFO 6008 --- [main] org.hibernate.Version                    : HHH000412: Hibernate ORM core version 5.4.32.Final
2021-10-13 12:38:53.150  INFO 6008 --- [main] o.hibernate.annotations.common.Version   : HCANN000001: Hibernate Commons Annotations {5.1.2.Final}
2021-10-13 12:38:53.239  INFO 6008 --- [main] org.hibernate.dialect.Dialect            : HHH000400: Using dialect: org.hibernate.dialect.PostgreSQLDialect
2021-10-13 12:38:53.807  INFO 6008 --- [main] o.h.e.t.j.p.i.JtaPlatformInitiator       : HHH000490: Using JtaPlatform implementation: [org.hibernate.engine.transaction.jta.platform.internal.NoJtaPlatform]
2021-10-13 12:38:53.813  INFO 6008 --- [main] j.LocalContainerEntityManagerFactoryBean : Initialized JPA EntityManagerFactory for persistence unit 'default'
2021-10-13 12:38:54.215  WARN 6008 --- [main] JpaBaseConfiguration$JpaWebConfiguration : spring.jpa.open-in-view is enabled by default. Therefore, database queries may be performed during view rendering. Explicitly configure spring.jpa.open-in-view to disable this warning
2021-10-13 12:38:55.113  INFO 6008 --- [main] o.s.s.web.DefaultSecurityFilterChain     : Will secure any request with [org.springframework.security.web.context.request.async.WebAsyncManagerIntegrationFilter@6924ff83, org.springframework.security.web.context.SecurityContextPersistenceFilter@1dad97ed, org.springframework.security.web.header.HeaderWriterFilter@22120799, org.springframework.security.web.authentication.logout.LogoutFilter@6701fbf3, org.springframework.security.web.authentication.UsernamePasswordAuthenticationFilter@1377b7bf, org.springframework.security.web.authentication.ui.DefaultLoginPageGeneratingFilter@4dd31687, org.springframework.security.web.authentication.ui.DefaultLogoutPageGeneratingFilter@e19908e, org.springframework.security.web.authentication.www.BasicAuthenticationFilter@1f9b86f5, org.springframework.security.web.savedrequest.RequestCacheAwareFilter@162ccd19, org.springframework.security.web.servletapi.SecurityContextHolderAwareRequestFilter@5f97d43e, org.springframework.security.web.authentication.AnonymousAuthenticationFilter@5312940c, org.springframework.security.web.session.SessionManagementFilter@5672920, org.springframework.security.web.access.ExceptionTranslationFilter@10e542f3, org.springframework.security.web.access.intercept.FilterSecurityInterceptor@d67f6f]
2021-10-13 12:38:55.828  INFO 6008 --- [main] o.s.b.w.embedded.tomcat.TomcatWebServer  : Tomcat started on port(s): 8080 (http) with context path ''
2021-10-13 12:38:56.989  INFO 6008 --- [main] com.example.ozon.OzonApplication         : Started OzonApplication in 6.698 seconds (JVM running for 7.55)
2021-10-13 12:39:26.544  INFO 23276 --- [main] com.example.ozon.OzonApplication         : Starting OzonApplication using Java 11.0.12 on segortseva with PID 23276 (C:\Users\segortseva\IdeaProjects\ozon\target\classes started by segortseva in C:\Users\segortseva\IdeaProjects\ozon)
2021-10-13 12:39:26.546  INFO 23276 --- [main] com.example.ozon.OzonApplication         : No active profile set, falling back to default profiles: default
2021-10-13 12:39:27.328  INFO 23276 --- [main] .s.d.r.c.RepositoryConfigurationDelegate : Bootstrapping Spring Data JPA repositories in DEFAULT mode.
2021-10-13 12:39:27.392  INFO 23276 --- [main] .s.d.r.c.RepositoryConfigurationDelegate : Finished Spring Data repository scanning in 56 ms. Found 9 JPA repository interfaces.
2021-10-13 12:39:27.694  INFO 23276 --- [main] trationDelegate$BeanPostProcessorChecker : Bean 'org.springframework.ws.config.annotation.DelegatingWsConfiguration' of type [org.springframework.ws.config.annotation.DelegatingWsConfiguration$$EnhancerBySpringCGLIB$$b29840a3] is not eligible for getting processed by all BeanPostProcessors (for example: not eligible for auto-proxying)
2021-10-13 12:39:27.718  INFO 23276 --- [main] .w.s.a.s.AnnotationActionEndpointMapping : Supporting [WS-Addressing August 2004, WS-Addressing 1.0]
2021-10-13 12:39:27.801  INFO 23276 --- [main] trationDelegate$BeanPostProcessorChecker : Bean 'org.springframework.security.access.expression.method.DefaultMethodSecurityExpressionHandler@3b96f8b0' of type [org.springframework.security.access.expression.method.DefaultMethodSecurityExpressionHandler] is not eligible for getting processed by all BeanPostProcessors (for example: not eligible for auto-proxying)
2021-10-13 12:39:27.807  INFO 23276 --- [main] trationDelegate$BeanPostProcessorChecker : Bean 'methodSecurityMetadataSource' of type [org.springframework.security.access.method.DelegatingMethodSecurityMetadataSource] is not eligible for getting processed by all BeanPostProcessors (for example: not eligible for auto-proxying)
2021-10-13 12:39:28.024  INFO 23276 --- [main] o.s.b.w.embedded.tomcat.TomcatWebServer  : Tomcat initialized with port(s): 8080 (http)
2021-10-13 12:39:28.033  INFO 23276 --- [main] o.apache.catalina.core.StandardService   : Starting service [Tomcat]
2021-10-13 12:39:28.033  INFO 23276 --- [main] org.apache.catalina.core.StandardEngine  : Starting Servlet engine: [Apache Tomcat/9.0.52]
2021-10-13 12:39:28.135  INFO 23276 --- [main] o.a.c.c.C.[Tomcat].[localhost].[/]       : Initializing Spring embedded WebApplicationContext
2021-10-13 12:39:28.136  INFO 23276 --- [main] w.s.c.ServletWebServerApplicationContext : Root WebApplicationContext: initialization completed in 1554 ms
2021-10-13 12:39:28.288  INFO 23276 --- [main] com.zaxxer.hikari.HikariDataSource       : HikariPool-1 - Starting...
2021-10-13 12:39:28.348  INFO 23276 --- [main] com.zaxxer.hikari.HikariDataSource       : HikariPool-1 - Start completed.
2021-10-13 12:39:28.571  INFO 23276 --- [main] liquibase.lockservice                    : Successfully acquired change log lock
2021-10-13 12:39:28.993  INFO 23276 --- [main] liquibase.changelog                      : Reading from public.databasechangelog
2021-10-13 12:39:29.059  INFO 23276 --- [main] liquibase.lockservice                    : Successfully released change log lock
2021-10-13 12:39:29.067  INFO 23276 --- [main] liquibase.lockservice                    : Successfully acquired change log lock
2021-10-13 12:39:29.069  WARN 23276 --- [main] liquibase.hub                            : Skipping auto-registration
2021-10-13 12:39:29.079  INFO 23276 --- [main] liquibase.lockservice                    : Successfully released change log lock
2021-10-13 12:39:29.162  INFO 23276 --- [main] o.hibernate.jpa.internal.util.LogHelper  : HHH000204: Processing PersistenceUnitInfo [name: default]
2021-10-13 12:39:29.191  INFO 23276 --- [main] org.hibernate.Version                    : HHH000412: Hibernate ORM core version 5.4.32.Final
2021-10-13 12:39:29.264  INFO 23276 --- [main] o.hibernate.annotations.common.Version   : HCANN000001: Hibernate Commons Annotations {5.1.2.Final}
2021-10-13 12:39:29.353  INFO 23276 --- [main] org.hibernate.dialect.Dialect            : HHH000400: Using dialect: org.hibernate.dialect.PostgreSQLDialect
2021-10-13 12:39:30.265  INFO 23276 --- [main] o.h.e.t.j.p.i.JtaPlatformInitiator       : HHH000490: Using JtaPlatform implementation: [org.hibernate.engine.transaction.jta.platform.internal.NoJtaPlatform]
2021-10-13 12:39:30.273  INFO 23276 --- [main] j.LocalContainerEntityManagerFactoryBean : Initialized JPA EntityManagerFactory for persistence unit 'default'
2021-10-13 12:39:30.848  WARN 23276 --- [main] JpaBaseConfiguration$JpaWebConfiguration : spring.jpa.open-in-view is enabled by default. Therefore, database queries may be performed during view rendering. Explicitly configure spring.jpa.open-in-view to disable this warning
2021-10-13 12:39:32.089  INFO 23276 --- [main] o.s.s.web.DefaultSecurityFilterChain     : Will secure any request with [org.springframework.security.web.context.request.async.WebAsyncManagerIntegrationFilter@576d4810, org.springframework.security.web.context.SecurityContextPersistenceFilter@3adbfd16, org.springframework.security.web.header.HeaderWriterFilter@4460edf, org.springframework.security.web.authentication.logout.LogoutFilter@250fc0d1, org.springframework.security.web.authentication.UsernamePasswordAuthenticationFilter@411bed55, org.springframework.security.web.authentication.ui.DefaultLoginPageGeneratingFilter@511f21f9, org.springframework.security.web.authentication.ui.DefaultLogoutPageGeneratingFilter@3609b8f2, org.springframework.security.web.authentication.www.BasicAuthenticationFilter@10e28d97, org.springframework.security.web.savedrequest.RequestCacheAwareFilter@377bc8da, org.springframework.security.web.servletapi.SecurityContextHolderAwareRequestFilter@23df16cf, org.springframework.security.web.authentication.AnonymousAuthenticationFilter@62dfe32e, org.springframework.security.web.session.SessionManagementFilter@6daeaff2, org.springframework.security.web.access.ExceptionTranslationFilter@68fe866b, org.springframework.security.web.access.intercept.FilterSecurityInterceptor@690337df]
2021-10-13 12:39:33.546  INFO 23276 --- [main] o.s.b.w.embedded.tomcat.TomcatWebServer  : Tomcat started on port(s): 8080 (http) with context path ''
2021-10-13 12:39:35.789  INFO 23276 --- [main] com.example.ozon.OzonApplication         : Started OzonApplication in 9.685 seconds (JVM running for 10.611)
2021-10-13 12:49:59.478  INFO 13508 --- [main] com.example.ozon.OzonApplication         : Starting OzonApplication using Java 11.0.12 on segortseva with PID 13508 (C:\Users\segortseva\IdeaProjects\ozon\target\classes started by segortseva in C:\Users\segortseva\IdeaProjects\ozon)
2021-10-13 12:49:59.480  INFO 13508 --- [main] com.example.ozon.OzonApplication         : No active profile set, falling back to default profiles: default
2021-10-13 12:50:00.314  INFO 13508 --- [main] .s.d.r.c.RepositoryConfigurationDelegate : Bootstrapping Spring Data JPA repositories in DEFAULT mode.
2021-10-13 12:50:00.375  INFO 13508 --- [main] .s.d.r.c.RepositoryConfigurationDelegate : Finished Spring Data repository scanning in 55 ms. Found 9 JPA repository interfaces.
2021-10-13 12:50:00.679  INFO 13508 --- [main] trationDelegate$BeanPostProcessorChecker : Bean 'org.springframework.ws.config.annotation.DelegatingWsConfiguration' of type [org.springframework.ws.config.annotation.DelegatingWsConfiguration$$EnhancerBySpringCGLIB$$d9c1ee74] is not eligible for getting processed by all BeanPostProcessors (for example: not eligible for auto-proxying)
2021-10-13 12:50:00.704  INFO 13508 --- [main] .w.s.a.s.AnnotationActionEndpointMapping : Supporting [WS-Addressing August 2004, WS-Addressing 1.0]
2021-10-13 12:50:00.792  INFO 13508 --- [main] trationDelegate$BeanPostProcessorChecker : Bean 'org.springframework.security.access.expression.method.DefaultMethodSecurityExpressionHandler@3d512652' of type [org.springframework.security.access.expression.method.DefaultMethodSecurityExpressionHandler] is not eligible for getting processed by all BeanPostProcessors (for example: not eligible for auto-proxying)
2021-10-13 12:50:00.797  INFO 13508 --- [main] trationDelegate$BeanPostProcessorChecker : Bean 'methodSecurityMetadataSource' of type [org.springframework.security.access.method.DelegatingMethodSecurityMetadataSource] is not eligible for getting processed by all BeanPostProcessors (for example: not eligible for auto-proxying)
2021-10-13 12:50:01.023  INFO 13508 --- [main] o.s.b.w.embedded.tomcat.TomcatWebServer  : Tomcat initialized with port(s): 8080 (http)
2021-10-13 12:50:01.030  INFO 13508 --- [main] o.apache.catalina.core.StandardService   : Starting service [Tomcat]
2021-10-13 12:50:01.030  INFO 13508 --- [main] org.apache.catalina.core.StandardEngine  : Starting Servlet engine: [Apache Tomcat/9.0.52]
2021-10-13 12:50:01.141  INFO 13508 --- [main] o.a.c.c.C.[Tomcat].[localhost].[/]       : Initializing Spring embedded WebApplicationContext
2021-10-13 12:50:01.141  INFO 13508 --- [main] w.s.c.ServletWebServerApplicationContext : Root WebApplicationContext: initialization completed in 1622 ms
2021-10-13 12:50:01.320  INFO 13508 --- [main] com.zaxxer.hikari.HikariDataSource       : HikariPool-1 - Starting...
2021-10-13 12:50:01.382  INFO 13508 --- [main] com.zaxxer.hikari.HikariDataSource       : HikariPool-1 - Start completed.
2021-10-13 12:50:01.596  INFO 13508 --- [main] liquibase.lockservice                    : Successfully acquired change log lock
2021-10-13 12:50:01.935  INFO 13508 --- [main] liquibase.changelog                      : Reading from public.databasechangelog
2021-10-13 12:50:01.991  INFO 13508 --- [main] liquibase.lockservice                    : Successfully released change log lock
2021-10-13 12:50:01.999  INFO 13508 --- [main] liquibase.lockservice                    : Successfully acquired change log lock
2021-10-13 12:50:02.001  WARN 13508 --- [main] liquibase.hub                            : Skipping auto-registration
2021-10-13 12:50:02.010  INFO 13508 --- [main] liquibase.lockservice                    : Successfully released change log lock
2021-10-13 12:50:02.095  INFO 13508 --- [main] o.hibernate.jpa.internal.util.LogHelper  : HHH000204: Processing PersistenceUnitInfo [name: default]
2021-10-13 12:50:02.128  INFO 13508 --- [main] org.hibernate.Version                    : HHH000412: Hibernate ORM core version 5.4.32.Final
2021-10-13 12:50:02.214  INFO 13508 --- [main] o.hibernate.annotations.common.Version   : HCANN000001: Hibernate Commons Annotations {5.1.2.Final}
2021-10-13 12:50:02.305  INFO 13508 --- [main] org.hibernate.dialect.Dialect            : HHH000400: Using dialect: org.hibernate.dialect.PostgreSQLDialect
2021-10-13 12:50:02.993  INFO 13508 --- [main] o.h.e.t.j.p.i.JtaPlatformInitiator       : HHH000490: Using JtaPlatform implementation: [org.hibernate.engine.transaction.jta.platform.internal.NoJtaPlatform]
2021-10-13 12:50:02.999  INFO 13508 --- [main] j.LocalContainerEntityManagerFactoryBean : Initialized JPA EntityManagerFactory for persistence unit 'default'
2021-10-13 12:50:03.475  WARN 13508 --- [main] JpaBaseConfiguration$JpaWebConfiguration : spring.jpa.open-in-view is enabled by default. Therefore, database queries may be performed during view rendering. Explicitly configure spring.jpa.open-in-view to disable this warning
2021-10-13 12:50:04.426  INFO 13508 --- [main] o.s.s.web.DefaultSecurityFilterChain     : Will secure any request with [org.springframework.security.web.context.request.async.WebAsyncManagerIntegrationFilter@1b58788a, org.springframework.security.web.context.SecurityContextPersistenceFilter@189f5ed8, org.springframework.security.web.header.HeaderWriterFilter@53a20aab, org.springframework.security.web.authentication.logout.LogoutFilter@25c6a9de, org.springframework.security.web.authentication.UsernamePasswordAuthenticationFilter@57be28d1, org.springframework.security.web.authentication.ui.DefaultLoginPageGeneratingFilter@283a5c2b, org.springframework.security.web.authentication.ui.DefaultLogoutPageGeneratingFilter@31881213, org.springframework.security.web.authentication.www.BasicAuthenticationFilter@56f1db5f, org.springframework.security.web.savedrequest.RequestCacheAwareFilter@72f112d1, org.springframework.security.web.servletapi.SecurityContextHolderAwareRequestFilter@67afba96, org.springframework.security.web.authentication.AnonymousAuthenticationFilter@2162e4a, org.springframework.security.web.session.SessionManagementFilter@3af1b643, org.springframework.security.web.access.ExceptionTranslationFilter@95f61c2, org.springframework.security.web.access.intercept.FilterSecurityInterceptor@210c4071]
2021-10-13 12:50:05.175  INFO 13508 --- [main] o.s.b.w.embedded.tomcat.TomcatWebServer  : Tomcat started on port(s): 8080 (http) with context path ''
2021-10-13 12:50:06.266  INFO 13508 --- [main] com.example.ozon.OzonApplication         : Started OzonApplication in 7.13 seconds (JVM running for 8.071)
